<?xml version="1.0" encoding="UTF-8"?>
<!-- Generated by org.testng.reporters.JUnitXMLReporter -->
<testsuite hostname="DESKTOP-LCC7PQK" ignored="0" name="Validating Home page visual" tests="10" failures="1" timestamp="2020-05-31T21:51:20 PDT" time="41.959" errors="0">
  <testcase name="bottomCopyRigth" time="0.477" classname="com.biztech2go.TestHomePage"/>
  <testcase name="hoverITStaffMenu" time="2.359" classname="com.biztech2go.TestHomePage"/>
  <testcase name="validateIcon" time="0.065" classname="com.biztech2go.TestHomePage"/>
  <testcase name="verifyAboutUsPage" time="3.649" classname="com.biztech2go.TestHomePage"/>
  <testcase name="verifyContactUsPage" time="2.987" classname="com.biztech2go.TestHomePage"/>
  <testcase name="verifyItServicesPage" time="3.469" classname="com.biztech2go.TestHomePage"/>
  <testcase name="verifyMainHowWOperate" time="0.22" classname="com.biztech2go.TestHomePage"/>
  <testcase name="verifyMainPageDynamicProposal" time="2.326" classname="com.biztech2go.TestHomePage">
    <failure type="java.lang.AssertionError" message="expected [true] but found [false]">
      <![CDATA[java.lang.AssertionError: expected [true] but found [false]
at com.biztech2go.TestHomePage.verifyMainPageDynamicProposal(TestHomePage.java:92)
at java.util.ArrayList.forEach(Unknown Source)
... Removed 31 stack frames]]>
    </failure>
  </testcase> <!-- verifyMainPageDynamicProposal -->
  <testcase name="verifyMainPageTitle" time="0.006" classname="com.biztech2go.TestHomePage"/>
  <testcase name="verifyOurServicesPage" time="2.712" classname="com.biztech2go.TestHomePage"/>
</testsuite> <!-- Validating Home page visual -->
