<?xml version="1.0" encoding="UTF-8"?>
<!-- Generated by org.testng.reporters.JUnitReportReporter -->
<testsuite skipped="0" hostname="DESKTOP-LCC7PQK" name="com.biztech2go.TestITTrainingPage" tests="6" failures="1" timestamp="2020-06-23T13:35:27 PDT" time="5.234" errors="0">
  <testcase name="validateDataScienceSelection" time="0.652" classname="com.biztech2go.TestITTrainingPage"/>
  <system-out/>
  <testcase name="verifyITTrainingPageTitle" time="0.103" classname="com.biztech2go.TestITTrainingPage">
    <failure type="java.lang.AssertionError" message="expected [IT Training | BizTech2go] but found [Telecom Infrastructure and Construction Services – Tower Solutions – Installation, Maintenance and Deconstruction]">
      <![CDATA[java.lang.AssertionError: expected [IT Training | BizTech2go] but found [Telecom Infrastructure and Construction Services – Tower Solutions – Installation, Maintenance and Deconstruction]
at org.testng.Assert.fail(Assert.java:97)
at org.testng.Assert.assertEqualsImpl(Assert.java:136)
at org.testng.Assert.assertEquals(Assert.java:118)
at org.testng.Assert.assertEquals(Assert.java:575)
at org.testng.Assert.assertEquals(Assert.java:585)
at com.biztech2go.TestITTrainingPage.verifyITTrainingPageTitle(TestITTrainingPage.java:46)
at sun.reflect.NativeMethodAccessorImpl.invoke0(Native Method)
at sun.reflect.NativeMethodAccessorImpl.invoke(Unknown Source)
at sun.reflect.DelegatingMethodAccessorImpl.invoke(Unknown Source)
at java.lang.reflect.Method.invoke(Unknown Source)
at org.testng.internal.MethodInvocationHelper.invokeMethod(MethodInvocationHelper.java:135)
at org.testng.internal.TestInvoker.invokeMethod(TestInvoker.java:598)
at org.testng.internal.TestInvoker.invokeTestMethod(TestInvoker.java:174)
at org.testng.internal.MethodRunner.runInSequence(MethodRunner.java:46)
at org.testng.internal.TestInvoker$MethodInvocationAgent.invoke(TestInvoker.java:821)
at org.testng.internal.TestInvoker.invokeTestMethods(TestInvoker.java:147)
at org.testng.internal.TestMethodWorker.invokeTestMethods(TestMethodWorker.java:146)
at org.testng.internal.TestMethodWorker.run(TestMethodWorker.java:128)
at java.util.ArrayList.forEach(Unknown Source)
at org.testng.TestRunner.privateRun(TestRunner.java:767)
at org.testng.TestRunner.run(TestRunner.java:588)
at org.testng.SuiteRunner.runTest(SuiteRunner.java:384)
at org.testng.SuiteRunner.runSequentially(SuiteRunner.java:378)
at org.testng.SuiteRunner.privateRun(SuiteRunner.java:337)
at org.testng.SuiteRunner.run(SuiteRunner.java:286)
at org.testng.SuiteRunnerWorker.runSuite(SuiteRunnerWorker.java:53)
at org.testng.SuiteRunnerWorker.run(SuiteRunnerWorker.java:96)
at org.testng.TestNG.runSuitesSequentially(TestNG.java:1214)
at org.testng.TestNG.runSuitesLocally(TestNG.java:1136)
at org.testng.TestNG.runSuites(TestNG.java:1066)
at org.testng.TestNG.run(TestNG.java:1034)
at org.testng.remote.AbstractRemoteTestNG.run(AbstractRemoteTestNG.java:115)
at org.testng.remote.RemoteTestNG.initAndRun(RemoteTestNG.java:251)
at org.testng.remote.RemoteTestNG.main(RemoteTestNG.java:77)
]]>
    </failure>
  </testcase> <!-- verifyITTrainingPageTitle -->
  <system-out/>
  <testcase name="validateImageITTraining" time="0.288" classname="com.biztech2go.TestITTrainingPage"/>
  <system-out/>
  <testcase name="validateAutomationTestingSelection" time="2.915" classname="com.biztech2go.TestITTrainingPage"/>
  <system-out/>
  <testcase name="validateSAPSelection" time="0.802" classname="com.biztech2go.TestITTrainingPage"/>
  <system-out/>
  <testcase name="validateManuelTestingSelection" time="0.474" classname="com.biztech2go.TestITTrainingPage"/>
  <system-out/>
</testsuite> <!-- com.biztech2go.TestITTrainingPage -->
